# JRE version: Java(TM) SE Runtime Environment (21.0.6+8) (build 21.0.6+8-LTS-188)
# Java VM: Java HotSpot(TM) 64-Bit Server VM (21.0.6+8-LTS-188, mixed mode, emulated-client, sharing, tiered, compressed oops, compressed class ptrs, g1 gc, windows-amd64)
GC Precious Log:
 CardTable entry size: 512
 Card Set container configuration: InlinePtr #cards 4 size 8 Array Of Cards #cards 16 size 48 Howl #buckets 8 coarsen threshold 3686 Howl Bitmap #cards 512 size 80 coarsen threshold 460 Card regions per heap region 1 cards per card region 4096
 CPUs: 12 total, 12 available
 Memory: 15775M
 Large Page Support: Disabled
 NUMA Support: Disabled
 Compressed Oops: Enabled (Zero based)
 Heap Region Size: 2M
 Heap Min Capacity: 8M
 Heap Initial Capacity: 248M
 Heap Max Capacity: 3944M
 Pre-touch: Disabled
 Parallel Workers: 10
 Concurrent Workers: 3
 Concurrent Refinement Workers: 10
 Periodic GC: Disabled
Heap:
 garbage-first heap   total 69632K, used 59720K [0x0000000709800000, 0x0000000800000000)
  region size 2048K, 26 young (53248K), 4 survivors (8192K)
 Metaspace       used 29453K, committed 30080K, reserved 1114112K
  class space    used 3866K, committed 4160K, reserved 1048576K
GC Heap History (15 events):
Event: 1.066 GC heap before
{Heap before GC invocations=0 (full 0):
 garbage-first heap   total 253952K, used 22528K [0x0000000709800000, 0x0000000800000000)
  region size 2048K, 11 young (22528K), 0 survivors (0K)
 Metaspace       used 6968K, committed 7232K, reserved 1114112K
  class space    used 776K, committed 896K, reserved 1048576K
}
Event: 1.073 GC heap after
{Heap after GC invocations=1 (full 0):
 garbage-first heap   total 253952K, used 4924K [0x0000000709800000, 0x0000000800000000)
  region size 2048K, 2 young (4096K), 2 survivors (4096K)
 Metaspace       used 6968K, committed 7232K, reserved 1114112K
  class space    used 776K, committed 896K, reserved 1048576K
}
Event: 1.559 GC heap before
{Heap before GC invocations=1 (full 0):
 garbage-first heap   total 253952K, used 35644K [0x0000000709800000, 0x0000000800000000)
  region size 2048K, 17 young (34816K), 2 survivors (4096K)
 Metaspace       used 10328K, committed 10688K, reserved 1114112K
  class space    used 1220K, committed 1408K, reserved 1048576K
}
Event: 1.566 GC heap after
{Heap after GC invocations=2 (full 0):
 garbage-first heap   total 253952K, used 6900K [0x0000000709800000, 0x0000000800000000)
  region size 2048K, 1 young (2048K), 1 survivors (2048K)
 Metaspace       used 10328K, committed 10688K, reserved 1114112K
  class space    used 1220K, committed 1408K, reserved 1048576K
}
Event: 2.295 GC heap before
{Heap before GC invocations=2 (full 0):
 garbage-first heap   total 253952K, used 72436K [0x0000000709800000, 0x0000000800000000)
  region size 2048K, 35 young (71680K), 1 survivors (2048K)
 Metaspace       used 16629K, committed 17024K, reserved 1114112K
  class space    used 2104K, committed 2304K, reserved 1048576K
}
Event: 2.300 GC heap after
{Heap after GC invocations=3 (full 0):
 garbage-first heap   total 253952K, used 8909K [0x0000000709800000, 0x0000000800000000)
  region size 2048K, 2 young (4096K), 2 survivors (4096K)
 Metaspace       used 16629K, committed 17024K, reserved 1114112K
  class space    used 2104K, committed 2304K, reserved 1048576K
}
Event: 2.465 GC heap before
{Heap before GC invocations=4 (full 0):
 garbage-first heap   total 40960K, used 37581K [0x0000000709800000, 0x0000000800000000)
  region size 2048K, 17 young (34816K), 2 survivors (4096K)
 Metaspace       used 19191K, committed 19648K, reserved 1114112K
  class space    used 2434K, committed 2624K, reserved 1048576K
}
Event: 2.470 GC heap after
{Heap after GC invocations=5 (full 0):
 garbage-first heap   total 47104K, used 9482K [0x0000000709800000, 0x0000000800000000)
  region size 2048K, 3 young (6144K), 3 survivors (6144K)
 Metaspace       used 19191K, committed 19648K, reserved 1114112K
  class space    used 2434K, committed 2624K, reserved 1048576K
}
Event: 2.599 GC heap before
{Heap before GC invocations=5 (full 0):
 garbage-first heap   total 47104K, used 29962K [0x0000000709800000, 0x0000000800000000)
  region size 2048K, 13 young (26624K), 3 survivors (6144K)
 Metaspace       used 20842K, committed 21248K, reserved 1114112K
  class space    used 2667K, committed 2880K, reserved 1048576K
}
Event: 2.604 GC heap after
{Heap after GC invocations=6 (full 0):
 garbage-first heap   total 47104K, used 10152K [0x0000000709800000, 0x0000000800000000)
  region size 2048K, 1 young (2048K), 1 survivors (2048K)
 Metaspace       used 20842K, committed 21248K, reserved 1114112K
  class space    used 2667K, committed 2880K, reserved 1048576K
}
Event: 3.030 GC heap before
{Heap before GC invocations=6 (full 0):
 garbage-first heap   total 47104K, used 32680K [0x0000000709800000, 0x0000000800000000)
  region size 2048K, 13 young (26624K), 1 survivors (2048K)
 Metaspace       used 22094K, committed 22528K, reserved 1114112K
  class space    used 2859K, committed 3072K, reserved 1048576K
}
Event: 3.033 GC heap after
{Heap after GC invocations=7 (full 0):
 garbage-first heap   total 151552K, used 11791K [0x0000000709800000, 0x0000000800000000)
  region size 2048K, 2 young (4096K), 2 survivors (4096K)
 Metaspace       used 22094K, committed 22528K, reserved 1114112K
  class space    used 2859K, committed 3072K, reserved 1048576K
}
Event: 4.168 GC heap before
{Heap before GC invocations=7 (full 0):
 garbage-first heap   total 151552K, used 87567K [0x0000000709800000, 0x0000000800000000)
  region size 2048K, 40 young (81920K), 2 survivors (4096K)
 Metaspace       used 28009K, committed 28480K, reserved 1114112K
  class space    used 3668K, committed 3904K, reserved 1048576K
}
Event: 4.176 GC heap after
{Heap after GC invocations=8 (full 0):
 garbage-first heap   total 151552K, used 14664K [0x0000000709800000, 0x0000000800000000)
  region size 2048K, 3 young (6144K), 3 survivors (6144K)
 Metaspace       used 28009K, committed 28480K, reserved 1114112K
  class space    used 3668K, committed 3904K, reserved 1048576K
}
Event: 866.232 GC heap before
{Heap before GC invocations=9 (full 0):
 garbage-first heap   total 61440K, used 59720K [0x0000000709800000, 0x0000000800000000)
  region size 2048K, 25 young (51200K), 3 survivors (6144K)
 Metaspace       used 29453K, committed 30080K, reserved 1114112K
  class space    used 3866K, committed 4160K, reserved 1048576K
}

